Using pre-set license
Built from '2020.3/staging' branch; Version is '2020.3.25f1 (9b9180224418) revision 10195328'; Using compiler version '192528614'; Build Type 'Release'
OS: 'Windows 10  (10.0.19044) 64bit Professional' Language: 'ru' Physical Memory: 7893 MB
BatchMode: 1, IsHumanControllingUs: 0, StartBugReporterOnCrash: 0, Is64bit: 1, IsPro: 0

COMMAND LINE ARGUMENTS:
C:\Program Files\Unity\Hub\Editor\2020.3.25f1\Editor\Unity.exe
-adb2
-batchMode
-noUpm
-name
AssetImportWorker0
-projectPath
C:/Users/DarkShine/Documents/Unity/Lab6
-logFile
Logs/AssetImportWorker0.log
-srvPort
53619
Successfully changed project path to: C:/Users/DarkShine/Documents/Unity/Lab6
C:/Users/DarkShine/Documents/Unity/Lab6
Using Asset Import Pipeline V2.
Refreshing native plugins compatible for Editor in 28.26 ms, found 2 plugins.
Preloading 0 native plugins for Editor in 0.00 ms.
Initialize engine version: 2020.3.25f1 (9b9180224418)
[Subsystems] Discovering subsystems at path C:/Program Files/Unity/Hub/Editor/2020.3.25f1/Editor/Data/Resources/UnitySubsystems
[Subsystems] Discovering subsystems at path C:/Users/DarkShine/Documents/Unity/Lab6/Assets
GfxDevice: creating device client; threaded=0
Direct3D:
    Version:  Direct3D 11.0 [level 11.1]
    Renderer: NVIDIA GeForce RTX 3050 Laptop GPU (ID=0x25a5)
    Vendor:   
    VRAM:     3991 MB
    Driver:   27.21.14.6221
Initialize mono
Mono path[0] = 'C:/Program Files/Unity/Hub/Editor/2020.3.25f1/Editor/Data/Managed'
Mono path[1] = 'C:/Program Files/Unity/Hub/Editor/2020.3.25f1/Editor/Data/MonoBleedingEdge/lib/mono/unityjit'
Mono config path = 'C:/Program Files/Unity/Hub/Editor/2020.3.25f1/Editor/Data/MonoBleedingEdge/etc'
Using monoOptions --debugger-agent=transport=dt_socket,embedding=1,server=y,suspend=n,address=127.0.0.1:56528
Begin MonoManager ReloadAssembly
Registering precompiled unity dll's ...
Register platform support module: C:/Program Files/Unity/Hub/Editor/2020.3.25f1/Editor/Data/PlaybackEngines/WindowsStandaloneSupport/UnityEditor.WindowsStandalone.Extensions.dll
Registered in 0.001101 seconds.
Native extension for WindowsStandalone target not found
Refreshing native plugins compatible for Editor in 25.38 ms, found 2 plugins.
Preloading 0 native plugins for Editor in 0.00 ms.
Mono: successfully reloaded assembly
- Completed reload, in  0.406 seconds
Domain Reload Profiling:
	ReloadAssembly (406ms)
		BeginReloadAssembly (35ms)
			ExecutionOrderSort (0ms)
			DisableScriptedObjects (0ms)
			BackupInstance (0ms)
			ReleaseScriptingObjects (0ms)
			CreateAndSetChildDomain (1ms)
		EndReloadAssembly (316ms)
			LoadAssemblies (33ms)
			RebuildTransferFunctionScriptingTraits (0ms)
			SetupTypeCache (97ms)
			ReleaseScriptCaches (0ms)
			RebuildScriptCaches (19ms)
			SetupLoadedEditorAssemblies (119ms)
				LogAssemblyErrors (0ms)
				InitializePlatformSupportModulesInManaged (3ms)
				SetLoadedEditorAssemblies (0ms)
				RefreshPlugins (25ms)
				BeforeProcessingInitializeOnLoad (12ms)
				ProcessInitializeOnLoadAttributes (55ms)
				ProcessInitializeOnLoadMethodAttributes (24ms)
				AfterProcessingInitializeOnLoad (0ms)
				EditorAssembliesLoaded (0ms)
			ExecutionOrderSort2 (0ms)
			AwakeInstancesAfterBackupRestoration (0ms)
Platform modules already initialized, skipping
Registering precompiled user dll's ...
Registered in 0.002492 seconds.
Begin MonoManager ReloadAssembly
Native extension for WindowsStandalone target not found
Refreshing native plugins compatible for Editor in 0.36 ms, found 2 plugins.
Preloading 0 native plugins for Editor in 0.00 ms.
Mono: successfully reloaded assembly
- Completed reload, in  0.743 seconds
Domain Reload Profiling:
	ReloadAssembly (744ms)
		BeginReloadAssembly (101ms)
			ExecutionOrderSort (0ms)
			DisableScriptedObjects (3ms)
			BackupInstance (0ms)
			ReleaseScriptingObjects (0ms)
			CreateAndSetChildDomain (18ms)
		EndReloadAssembly (597ms)
			LoadAssemblies (61ms)
			RebuildTransferFunctionScriptingTraits (0ms)
			SetupTypeCache (186ms)
			ReleaseScriptCaches (0ms)
			RebuildScriptCaches (55ms)
			SetupLoadedEditorAssemblies (227ms)
				LogAssemblyErrors (0ms)
				InitializePlatformSupportModulesInManaged (4ms)
				SetLoadedEditorAssemblies (0ms)
				RefreshPlugins (0ms)
				BeforeProcessingInitializeOnLoad (64ms)
				ProcessInitializeOnLoadAttributes (149ms)
				ProcessInitializeOnLoadMethodAttributes (6ms)
				AfterProcessingInitializeOnLoad (3ms)
				EditorAssembliesLoaded (0ms)
			ExecutionOrderSort2 (0ms)
			AwakeInstancesAfterBackupRestoration (4ms)
Platform modules already initialized, skipping
========================================================================
Worker process is ready to serve import requests
Launched and connected shader compiler UnityShaderCompiler.exe after 0.04 seconds
Refreshing native plugins compatible for Editor in 0.36 ms, found 2 plugins.
Preloading 0 native plugins for Editor in 0.00 ms.
Unloading 1903 Unused Serialized files (Serialized files now loaded: 0)
System memory in use before: 80.6 MB.
System memory in use after: 80.7 MB.

Unloading 21 unused Assets to reduce memory usage. Loaded Objects now: 2336.
Total: 2.156100 ms (FindLiveObjects: 0.111700 ms CreateObjectMapping: 0.031500 ms MarkObjects: 1.946900 ms  DeleteObjects: 0.065300 ms)

AssetImportParameters requested are different than current active one (requested -> active):
  custom:framework-win-MediaFoundation: 216162199b28c13a410421893ffa2e32 -> 
  custom:video-decoder-ogg-theora: a1e56fd34408186e4bbccfd4996cb3dc -> 
  custom:container-muxer-webm: aa71ff27fc2769a1b78a27578f13a17b -> 
  custom:container-demuxer-webm: 4f35f7cbe854078d1ac9338744f61a02 -> 
  custom:container-demuxer-ogg: 62fdf1f143b41e24485cea50d1cbac27 -> 
  custom:video-encoder-webm-vp8: eb34c28f22e8b96e1ab97ce403110664 -> 
  custom:video-decoder-webm-vp8: 9c59270c3fd7afecdb556c50c9e8de78 -> 
  custom:audio-decoder-ogg-vorbis: bf7c407c2cedff20999df2af8eb42d56 -> 
  custom:audio-encoder-webm-vorbis: bf7c407c2cedff20999df2af8eb42d56 -> 
========================================================================
Received Import Request.
  path: Assets/Material/Brown2.mat
  artifactKey: Guid(1c8859a6ef0a5c14287a06c6adbcef50) Importer(815301076,1909f56bfc062723c751e8b465ee728b)
Start importing Assets/Material/Brown2.mat using Guid(1c8859a6ef0a5c14287a06c6adbcef50) Importer(815301076,1909f56bfc062723c751e8b465ee728b)  -> (artifact id: 'c5c044ef5e1568fc0b38bb7fb64d816f') in 0.102480 seconds 
  Import took 0.105670 seconds .

========================================================================
Received Import Request.
  Time since last request: 0.000230 seconds.
  path: Assets/Material/Black.mat
  artifactKey: Guid(ec048167e5396f7428b82b77d6fd3d04) Importer(815301076,1909f56bfc062723c751e8b465ee728b)
Start importing Assets/Material/Black.mat using Guid(ec048167e5396f7428b82b77d6fd3d04) Importer(815301076,1909f56bfc062723c751e8b465ee728b)  -> (artifact id: 'fe62b463fc7b5c926c0ba0900f732e48') in 0.017467 seconds 
  Import took 0.020477 seconds .

========================================================================
Received Import Request.
  Time since last request: 0.000168 seconds.
  path: Assets/Material/Brown1.mat
  artifactKey: Guid(2a7cbec76a7e5ee4a99203050dd174e2) Importer(815301076,1909f56bfc062723c751e8b465ee728b)
Start importing Assets/Material/Brown1.mat using Guid(2a7cbec76a7e5ee4a99203050dd174e2) Importer(815301076,1909f56bfc062723c751e8b465ee728b)  -> (artifact id: '648b4e694f10d2f24553c2e4c8fef95b') in 0.017755 seconds 
  Import took 0.020992 seconds .

========================================================================
Received Import Request.
  Time since last request: 142.145926 seconds.
  path: Assets/Media
  artifactKey: Guid(151e49b24463cd745aa8774b32d28023) Importer(815301076,1909f56bfc062723c751e8b465ee728b)
Start importing Assets/Media using Guid(151e49b24463cd745aa8774b32d28023) Importer(815301076,1909f56bfc062723c751e8b465ee728b)  -> (artifact id: '7bd46ea54b5f0c7f71fbd8954f98dabc') in 0.005099 seconds 
  Import took 0.007896 seconds .

========================================================================
Received Import Request.
  Time since last request: 117.259028 seconds.
  path: Assets/Script/ProgrammManager.cs
  artifactKey: Guid(c09684b450f9ee641ae3cf85c24f8fcd) Importer(815301076,1909f56bfc062723c751e8b465ee728b)
Start importing Assets/Script/ProgrammManager.cs using Guid(c09684b450f9ee641ae3cf85c24f8fcd) Importer(815301076,1909f56bfc062723c751e8b465ee728b)  -> (artifact id: '04dfd2e43f54b4167c69f734c797f49c') in 0.012841 seconds 
  Import took 0.016226 seconds .

========================================================================
Received Import Request.
  Time since last request: 1624.058899 seconds.
  path: Assets/Media/CatapultImage.png
  artifactKey: Guid(3ae07d9e335473042910b0eb10229590) Importer(815301076,1909f56bfc062723c751e8b465ee728b)
Start importing Assets/Media/CatapultImage.png using Guid(3ae07d9e335473042910b0eb10229590) Importer(815301076,1909f56bfc062723c751e8b465ee728b)  -> (artifact id: '5c353e6083175fbeba8f50c78464dff9') in 0.020941 seconds 
  Import took 0.025251 seconds .

========================================================================
Received Import Request.
  Time since last request: 0.000161 seconds.
  path: Assets/Media/target.png
  artifactKey: Guid(5f73b0c1618ab2e4392c602261ed8d10) Importer(815301076,1909f56bfc062723c751e8b465ee728b)
Start importing Assets/Media/target.png using Guid(5f73b0c1618ab2e4392c602261ed8d10) Importer(815301076,1909f56bfc062723c751e8b465ee728b)  -> (artifact id: '15b6fa1937981346bbc96ecb1bdfa72e') in 0.010499 seconds 
  Import took 0.014040 seconds .

========================================================================
Received Import Request.
  Time since last request: 1089.974243 seconds.
  path: Assets/Media/CatapultImage.png
  artifactKey: Guid(3ae07d9e335473042910b0eb10229590) Importer(815301076,1909f56bfc062723c751e8b465ee728b)
Start importing Assets/Media/CatapultImage.png using Guid(3ae07d9e335473042910b0eb10229590) Importer(815301076,1909f56bfc062723c751e8b465ee728b)  -> (artifact id: '7677ba54b0d9cfcfa461625ab1a2bff9') in 0.042754 seconds 
  Import took 0.047116 seconds .

========================================================================
Received Import Request.
  Time since last request: 10.342032 seconds.
  path: Assets/Media/target.png
  artifactKey: Guid(5f73b0c1618ab2e4392c602261ed8d10) Importer(815301076,1909f56bfc062723c751e8b465ee728b)
Start importing Assets/Media/target.png using Guid(5f73b0c1618ab2e4392c602261ed8d10) Importer(815301076,1909f56bfc062723c751e8b465ee728b)  -> (artifact id: '31b381154998333481b2b25b46fe5286') in 0.017278 seconds 
  Import took 0.020480 seconds .

========================================================================
Received Import Request.
  Time since last request: 974.864237 seconds.
  path: Assets/Script
  artifactKey: Guid(ab66d876a0df6874295a8889874e307a) Importer(815301076,1909f56bfc062723c751e8b465ee728b)
Start importing Assets/Script using Guid(ab66d876a0df6874295a8889874e307a) Importer(815301076,1909f56bfc062723c751e8b465ee728b)  -> (artifact id: 'e8cf828b85341f0dbcfc92fa13368291') in 0.008223 seconds 
  Import took 0.012496 seconds .

========================================================================
Received Import Request.
  Time since last request: 11.511271 seconds.
  path: Assets/Script/ChooseObject.cs
  artifactKey: Guid(cf20bf04dc9b88c4ea757860d61e34f9) Importer(815301076,1909f56bfc062723c751e8b465ee728b)
Start importing Assets/Script/ChooseObject.cs using Guid(cf20bf04dc9b88c4ea757860d61e34f9) Importer(815301076,1909f56bfc062723c751e8b465ee728b)  -> (artifact id: 'da1adaaac2698ad24573959cf8494952') in 0.006121 seconds 
  Import took 0.009331 seconds .

========================================================================
Received Prepare
Registering precompiled user dll's ...
Registered in 0.004862 seconds.
Begin MonoManager ReloadAssembly
Native extension for WindowsStandalone target not found
Refreshing native plugins compatible for Editor in 0.41 ms, found 2 plugins.
Preloading 0 native plugins for Editor in 0.00 ms.
Mono: successfully reloaded assembly
- Completed reload, in  0.909 seconds
Domain Reload Profiling:
	ReloadAssembly (910ms)
		BeginReloadAssembly (135ms)
			ExecutionOrderSort (0ms)
			DisableScriptedObjects (7ms)
			BackupInstance (0ms)
			ReleaseScriptingObjects (0ms)
			CreateAndSetChildDomain (60ms)
		EndReloadAssembly (720ms)
			LoadAssemblies (73ms)
			RebuildTransferFunctionScriptingTraits (0ms)
			SetupTypeCache (237ms)
			ReleaseScriptCaches (1ms)
			RebuildScriptCaches (37ms)
			SetupLoadedEditorAssemblies (283ms)
				LogAssemblyErrors (0ms)
				InitializePlatformSupportModulesInManaged (5ms)
				SetLoadedEditorAssemblies (0ms)
				RefreshPlugins (0ms)
				BeforeProcessingInitializeOnLoad (77ms)
				ProcessInitializeOnLoadAttributes (187ms)
				ProcessInitializeOnLoadMethodAttributes (10ms)
				AfterProcessingInitializeOnLoad (4ms)
				EditorAssembliesLoaded (0ms)
			ExecutionOrderSort2 (0ms)
			AwakeInstancesAfterBackupRestoration (8ms)
Platform modules already initialized, skipping
Switching build target platform(19) subTarget(0) extendedPlatform(0) -> platform(13) subTarget(524288) extendedPlatform(0)
Refreshing native plugins compatible for Editor in 0.40 ms, found 2 plugins.
Preloading 0 native plugins for Editor in 0.00 ms.
Unloading 1898 Unused Serialized files (Serialized files now loaded: 0)
System memory in use before: 83.7 MB.
System memory in use after: 83.8 MB.

Unloading 16 unused Assets to reduce memory usage. Loaded Objects now: 2385.
Total: 2.822900 ms (FindLiveObjects: 0.138600 ms CreateObjectMapping: 0.032500 ms MarkObjects: 2.606200 ms  DeleteObjects: 0.043500 ms)

AssetImportParameters requested are different than current active one (requested -> active):
  custom:framework-win-MediaFoundation: 216162199b28c13a410421893ffa2e32 -> 
  custom:video-decoder-ogg-theora: a1e56fd34408186e4bbccfd4996cb3dc -> 
  custom:container-muxer-webm: aa71ff27fc2769a1b78a27578f13a17b -> 
  custom:container-demuxer-webm: 4f35f7cbe854078d1ac9338744f61a02 -> 
  custom:container-demuxer-ogg: 62fdf1f143b41e24485cea50d1cbac27 -> 
  custom:video-encoder-webm-vp8: eb34c28f22e8b96e1ab97ce403110664 -> 
  custom:video-decoder-webm-vp8: 9c59270c3fd7afecdb556c50c9e8de78 -> 
  custom:graphics/normal-map-encoding: 01000000000000000000000000000000 -> 02000000000000000000000000000000
  custom:audio-decoder-ogg-vorbis: bf7c407c2cedff20999df2af8eb42d56 -> 
  custom:audio-encoder-webm-vorbis: bf7c407c2cedff20999df2af8eb42d56 -> 
========================================================================
Received Import Request.
  Time since last request: 11027.753306 seconds.
  path: Assets/Script/ChooseObject.cs
  artifactKey: Guid(cf20bf04dc9b88c4ea757860d61e34f9) Importer(815301076,1909f56bfc062723c751e8b465ee728b)
Start importing Assets/Script/ChooseObject.cs using Guid(cf20bf04dc9b88c4ea757860d61e34f9) Importer(815301076,1909f56bfc062723c751e8b465ee728b)  -> (artifact id: '25f38f81630d84f7320740cc92bda4a0') in 0.017260 seconds 
  Import took 0.022958 seconds .

========================================================================
Received Prepare
Registering precompiled user dll's ...
Registered in 0.125709 seconds.
Begin MonoManager ReloadAssembly
Native extension for WindowsStandalone target not found
Refreshing native plugins compatible for Editor in 0.91 ms, found 2 plugins.
Preloading 0 native plugins for Editor in 0.00 ms.
Mono: successfully reloaded assembly
- Completed reload, in  0.786 seconds
Domain Reload Profiling:
	ReloadAssembly (787ms)
		BeginReloadAssembly (107ms)
			ExecutionOrderSort (0ms)
			DisableScriptedObjects (4ms)
			BackupInstance (0ms)
			ReleaseScriptingObjects (0ms)
			CreateAndSetChildDomain (36ms)
		EndReloadAssembly (637ms)
			LoadAssemblies (59ms)
			RebuildTransferFunctionScriptingTraits (0ms)
			SetupTypeCache (199ms)
			ReleaseScriptCaches (1ms)
			RebuildScriptCaches (39ms)
			SetupLoadedEditorAssemblies (237ms)
				LogAssemblyErrors (0ms)
				InitializePlatformSupportModulesInManaged (3ms)
				SetLoadedEditorAssemblies (1ms)
				RefreshPlugins (1ms)
				BeforeProcessingInitializeOnLoad (74ms)
				ProcessInitializeOnLoadAttributes (149ms)
				ProcessInitializeOnLoadMethodAttributes (6ms)
				AfterProcessingInitializeOnLoad (3ms)
				EditorAssembliesLoaded (0ms)
			ExecutionOrderSort2 (0ms)
			AwakeInstancesAfterBackupRestoration (4ms)
Platform modules already initialized, skipping
Switching build target platform(19) subTarget(0) extendedPlatform(0) -> platform(13) subTarget(524288) extendedPlatform(0)
Refreshing native plugins compatible for Editor in 0.37 ms, found 2 plugins.
Preloading 0 native plugins for Editor in 0.00 ms.
Unloading 1898 Unused Serialized files (Serialized files now loaded: 0)
System memory in use before: 83.7 MB.
System memory in use after: 83.8 MB.

Unloading 16 unused Assets to reduce memory usage. Loaded Objects now: 2388.
Total: 2.225500 ms (FindLiveObjects: 0.127800 ms CreateObjectMapping: 0.032300 ms MarkObjects: 2.029600 ms  DeleteObjects: 0.034600 ms)

AssetImportParameters requested are different than current active one (requested -> active):
  custom:framework-win-MediaFoundation: 216162199b28c13a410421893ffa2e32 -> 
  custom:video-decoder-ogg-theora: a1e56fd34408186e4bbccfd4996cb3dc -> 
  custom:container-muxer-webm: aa71ff27fc2769a1b78a27578f13a17b -> 
  custom:container-demuxer-webm: 4f35f7cbe854078d1ac9338744f61a02 -> 
  custom:container-demuxer-ogg: 62fdf1f143b41e24485cea50d1cbac27 -> 
  custom:video-encoder-webm-vp8: eb34c28f22e8b96e1ab97ce403110664 -> 
  custom:video-decoder-webm-vp8: 9c59270c3fd7afecdb556c50c9e8de78 -> 
  custom:graphics/normal-map-encoding: 01000000000000000000000000000000 -> 02000000000000000000000000000000
  custom:audio-decoder-ogg-vorbis: bf7c407c2cedff20999df2af8eb42d56 -> 
  custom:audio-encoder-webm-vorbis: bf7c407c2cedff20999df2af8eb42d56 -> 
========================================================================
Received Prepare
Registering precompiled user dll's ...
Registered in 0.002405 seconds.
Begin MonoManager ReloadAssembly
Native extension for WindowsStandalone target not found
Refreshing native plugins compatible for Editor in 0.37 ms, found 2 plugins.
Preloading 0 native plugins for Editor in 0.00 ms.
Mono: successfully reloaded assembly
- Completed reload, in  0.759 seconds
Domain Reload Profiling:
	ReloadAssembly (760ms)
		BeginReloadAssembly (88ms)
			ExecutionOrderSort (0ms)
			DisableScriptedObjects (3ms)
			BackupInstance (0ms)
			ReleaseScriptingObjects (0ms)
			CreateAndSetChildDomain (30ms)
		EndReloadAssembly (627ms)
			LoadAssemblies (63ms)
			RebuildTransferFunctionScriptingTraits (0ms)
			SetupTypeCache (192ms)
			ReleaseScriptCaches (1ms)
			RebuildScriptCaches (32ms)
			SetupLoadedEditorAssemblies (256ms)
				LogAssemblyErrors (0ms)
				InitializePlatformSupportModulesInManaged (3ms)
				SetLoadedEditorAssemblies (0ms)
				RefreshPlugins (0ms)
				BeforeProcessingInitializeOnLoad (87ms)
				ProcessInitializeOnLoadAttributes (153ms)
				ProcessInitializeOnLoadMethodAttributes (9ms)
				AfterProcessingInitializeOnLoad (3ms)
				EditorAssembliesLoaded (0ms)
			ExecutionOrderSort2 (0ms)
			AwakeInstancesAfterBackupRestoration (4ms)
Platform modules already initialized, skipping
Switching build target platform(19) subTarget(0) extendedPlatform(0) -> platform(13) subTarget(524288) extendedPlatform(0)
Refreshing native plugins compatible for Editor in 0.39 ms, found 2 plugins.
Preloading 0 native plugins for Editor in 0.00 ms.
Unloading 1898 Unused Serialized files (Serialized files now loaded: 0)
System memory in use before: 83.7 MB.
System memory in use after: 83.8 MB.

Unloading 16 unused Assets to reduce memory usage. Loaded Objects now: 2391.
Total: 2.256100 ms (FindLiveObjects: 0.112900 ms CreateObjectMapping: 0.030100 ms MarkObjects: 2.076900 ms  DeleteObjects: 0.035300 ms)

AssetImportParameters requested are different than current active one (requested -> active):
  custom:framework-win-MediaFoundation: 216162199b28c13a410421893ffa2e32 -> 
  custom:video-decoder-ogg-theora: a1e56fd34408186e4bbccfd4996cb3dc -> 
  custom:container-muxer-webm: aa71ff27fc2769a1b78a27578f13a17b -> 
  custom:container-demuxer-webm: 4f35f7cbe854078d1ac9338744f61a02 -> 
  custom:container-demuxer-ogg: 62fdf1f143b41e24485cea50d1cbac27 -> 
  custom:video-encoder-webm-vp8: eb34c28f22e8b96e1ab97ce403110664 -> 
  custom:video-decoder-webm-vp8: 9c59270c3fd7afecdb556c50c9e8de78 -> 
  custom:graphics/normal-map-encoding: 01000000000000000000000000000000 -> 02000000000000000000000000000000
  custom:audio-decoder-ogg-vorbis: bf7c407c2cedff20999df2af8eb42d56 -> 
  custom:audio-encoder-webm-vorbis: bf7c407c2cedff20999df2af8eb42d56 -> 
AssetImportWorkerClient::OnTransportError - code=2 error=End of file
